{
  "stats": {
    "suites": 3,
    "tests": 3,
    "passes": 3,
    "pending": 0,
    "failures": 0,
    "start": "2026-03-12T16:14:55.640Z",
    "end": "2026-03-12T16:16:23.174Z",
    "duration": 87534,
    "testsRegistered": 3,
    "passPercent": 100,
    "pendingPercent": 0,
    "other": 0,
    "hasOther": false,
    "skipped": 0,
    "hasSkipped": false
  },
  "results": [
    {
      "uuid": "308f2de0-e798-4a96-8753-bc2d242c1344",
      "title": "",
      "fullFile": "cypress\\e2e\\grblHal\\A_grblHal_master_spec.cy.js",
      "file": "cypress\\e2e\\grblHal\\A_grblHal_master_spec.cy.js",
      "beforeHooks": [],
      "afterHooks": [],
      "tests": [],
      "suites": [
        {
          "uuid": "07f9eaa8-0124-4009-9b72-68d2aff60d28",
          "title": "gSender UI Load Test",
          "fullFile": "",
          "file": "",
          "beforeHooks": [],
          "afterHooks": [],
          "tests": [
            {
              "title": "should load gSender UI with refresh on failure",
              "fullTitle": "gSender UI Load Test should load gSender UI with refresh on failure",
              "timedOut": null,
              "duration": 9932,
              "state": "passed",
              "speed": "medium",
              "pass": true,
              "fail": false,
              "pending": false,
              "context": null,
              "code": "function tryLoadUI(attempt = 1) {\n  cy.log(`Loading attempt ${attempt} of ${MAX_RETRIES}`);\n  if (attempt === 1) {\n    cy.visit(APP_URL, {\n      failOnStatusCode: false,\n      timeout: 30000\n    });\n  } else {\n    cy.reload();\n  }\n  cy.wait(3000);\n  // Check multiple indicators that UI has loaded\n  cy.get('body', {\n    timeout: 5000\n  }).then($body => {\n    const hasButton = $body.find('button').length > 0;\n    const hasCOM = $body.text().includes('COM');\n    const hasConnection = $body.text().includes('Connect') || $body.text().includes('Connection');\n    const uiLoaded = hasButton && (hasCOM || hasConnection);\n    cy.log(`Buttons found: ${hasButton}, COM text: ${hasCOM}, Connection text: ${hasConnection}`);\n    if (uiLoaded) {\n      cy.log('UI loaded successfully');\n    } else if (attempt < MAX_RETRIES) {\n      cy.log('UI not loaded, refreshing...');\n      tryLoadUI(attempt + 1);\n    } else {\n      throw new Error(`Failed to load UI after ${MAX_RETRIES} attempts`);\n    }\n  });\n}\ntryLoadUI();",
              "err": {},
              "uuid": "1c335207-ff6e-4c19-b57b-f31dfef6cf01",
              "parentUUID": "07f9eaa8-0124-4009-9b72-68d2aff60d28",
              "isHook": false,
              "skipped": false
            }
          ],
          "suites": [],
          "passes": [
            "1c335207-ff6e-4c19-b57b-f31dfef6cf01"
          ],
          "failures": [],
          "pending": [],
          "skipped": [],
          "duration": 9932,
          "root": false,
          "rootEmpty": false,
          "_timeout": 2000
        },
        {
          "uuid": "f0790eda-2ad1-4608-b4b6-ca8b5ebb2211",
          "title": "Device Connection",
          "fullFile": "",
          "file": "",
          "beforeHooks": [],
          "afterHooks": [],
          "tests": [
            {
              "title": "should connect to CNC machine by selecting the first available port",
              "fullTitle": "Device Connection should connect to CNC machine by selecting the first available port",
              "timedOut": null,
              "duration": 17137,
              "state": "passed",
              "speed": "slow",
              "pass": true,
              "fail": false,
              "pending": false,
              "context": null,
              "code": "cy.wait(2000);\ncy.get('body').then($body => {\n  const bodyText = $body.text();\n  // ── Already connected and Idle\n  if (/\\bIdle\\b/i.test(bodyText)) {\n    cy.log('Machine is already connected and in Idle state');\n    return;\n  }\n  // ── Connected but not yet Idle\n  if (/\\bDisconnect\\b/i.test(bodyText)) {\n    cy.log('Machine connected — waiting for Idle...');\n    cy.contains(/^Idle$/i, {\n      timeout: 30000\n    }).should('be.visible');\n    return;\n  }\n  // ── Not connected — start flow\n  cy.log('Not connected. Starting connection flow...');\n  // Step 1: Click \"Connect to CNC\"\n  cy.contains('span', 'Connect to CNC', {\n    timeout: 10000\n  }).should('exist').scrollIntoView().click({\n    force: true\n  });\n  // Step 2: Wait for Radix dropdown to appear\n  cy.get('div[data-radix-popper-content-wrapper]', {\n    timeout: 10000\n  }).should('exist').within(() => {\n    // Step 3: Get all port buttons (button.m-0 confirmed from recording)\n    cy.get('button.m-0').should('have.length.greaterThan', 0).then($buttons => {\n      // Step 4: Filter out non-port UI buttons\n      const NON_PORT_LABELS = ['back', 'refresh', 'cancel', 'close', 'ok', 'done', 'connect', 'disconnect', 'next', 'previous'];\n      const portButtons = $buttons.toArray().filter(btn => {\n        const text = (btn.textContent || '').trim().toLowerCase();\n        return text.length > 0 && !NON_PORT_LABELS.some(label => text === label);\n      });\n      expect(portButtons.length, 'No port buttons found in dropdown').to.be.greaterThan(0);\n      // Step 5: Select first port — works on all OS\n      // Windows → COM4, Linux → ttyUSB0, macOS → cu.usbmodem\n      const firstPort = portButtons[0];\n      const portName = (firstPort.textContent || '').trim();\n      cy.log(`Selecting first available port: \"${portName}\"`);\n      cy.wrap(firstPort).click({\n        force: true\n      });\n    });\n  });\n  // Step 6: Wait for Idle state\n  cy.log('Waiting for Idle state...');\n  cy.contains(/^Idle$/i, {\n    timeout: 30000\n  }).should('be.visible').then(() => cy.log('Machine connected and in Idle state'));\n  // Step 7: Verify firmware from connected device button\n  cy.get('div.group', {\n    timeout: 10000\n  }).should('exist').then($groups => {\n    // Find the div.group whose text contains grbl firmware info\n    const deviceGroup = $groups.toArray().find(el => {\n      const text = (el.textContent || '').trim();\n      return /grbl(hal)?/i.test(text);\n    });\n    expect(deviceGroup, 'Could not find a connected device button containing grbl/grblHAL firmware').to.not.be.undefined;\n    const fullText = (deviceGroup.textContent || '').trim();\n    cy.log(`Device button text: \"${fullText}\"`);\n    const firmwareMatch = fullText.match(/grbl(hal)?/i);\n    const firmware = firmwareMatch[0];\n    cy.log(`Firmware detected: \"${firmware}\"`);\n    expect(firmware).to.match(/^grbl(hal)?$/i, `Expected \"grbl\" or \"grblHAL\" but got \"${firmware}\"`);\n    cy.log(`Firmware \"${firmware}\" confirmed`);\n  });\n  // Step 8: Disconnect\n  cy.disconnectIfIdle();\n});",
              "err": {},
              "uuid": "35f72368-77ab-4285-bc52-f42b4d470c3d",
              "parentUUID": "f0790eda-2ad1-4608-b4b6-ca8b5ebb2211",
              "isHook": false,
              "skipped": false
            }
          ],
          "suites": [],
          "passes": [
            "35f72368-77ab-4285-bc52-f42b4d470c3d"
          ],
          "failures": [],
          "pending": [],
          "skipped": [],
          "duration": 17137,
          "root": false,
          "rootEmpty": false,
          "_timeout": 2000
        },
        {
          "uuid": "971ffc0b-05c7-4e9f-8d22-010f16e2022f",
          "title": "Load file testing in grblHal",
          "fullFile": "",
          "file": "",
          "beforeHooks": [],
          "afterHooks": [],
          "tests": [
            {
              "title": "Complete workflow: Connect-> Upload-> Disconnect->Upload-> Connect->Disconnect",
              "fullTitle": "Load file testing in grblHal Complete workflow: Connect-> Upload-> Disconnect->Upload-> Connect->Disconnect",
              "timedOut": null,
              "duration": 59536,
              "state": "passed",
              "speed": "slow",
              "pass": true,
              "fail": false,
              "pending": false,
              "context": null,
              "code": "// ========== STEP 1: Connect to CNC ==========\ncy.log('STEP 1: Connecting to CNC...');\ncy.connectToGrblHAL();\ncy.wait(6000);\ncy.log('Connected to CNC');\n// Verify CNC machine status is Idle\ncy.contains(/^Idle$/i, {\n  timeout: 30000\n}).should('be.visible').then(status => {\n  cy.log(`Machine status: \"${status.text().trim()}\"`);\n});\n// ========== STEP 2: Upload file (while connected) ==========\ncy.log('STEP 2: Uploading file while connected...');\ncy.wait(5000);\ncy.contains('Load File').should('be.visible').click({\n  force: true\n});\ncy.get('#fileInput').selectFile('cypress/fixtures/sample.gcode', {\n  force: true\n});\ncy.wait(5000);\n// Verify uploaded file name\ncy.get('h2.inline-block.text-lg.font-bold', {\n  timeout: 15000\n}).should('be.visible').invoke('text').then(fileName => {\n  const trimmedName = fileName.trim();\n  cy.log(`Uploaded file name: \"${trimmedName}\"`);\n  expect(trimmedName).to.contain('.gcode');\n});\n// ========== STEP 3: Disconnect from CNC ==========\ncy.log('STEP 3: Disconnecting from CNC...');\ncy.disconnectIfIdle();\ncy.log('Disconnect clicked — verifying status...');\n// Verify the machine is disconnected\ncy.contains(/(Connect to CNC|Disconnected)/i, {\n  timeout: 10000\n}).should('be.visible').then(() => cy.log('Machine disconnected successfully'));\n// ========== STEP 4: Upload file (while disconnected) ==========\ncy.log('STEP 4: Uploading file while disconnected...');\ncy.wait(5000);\ncy.contains('Load File').should('be.visible').click({\n  force: true\n});\ncy.get('#fileInput').selectFile('cypress/fixtures/sample.gcode', {\n  force: true\n});\ncy.wait(5000);\n// Verify uploaded file name\ncy.get('h2.inline-block.text-lg.font-bold', {\n  timeout: 15000\n}).should('be.visible').invoke('text').then(fileName => {\n  const trimmedName = fileName.trim();\n  cy.log(`Uploaded file name: \"${trimmedName}\"`);\n  expect(trimmedName).to.contain('.gcode');\n});\n// ========== STEP 5: Connect to CNC again ==========\ncy.log('STEP 5: Connecting to CNC again...');\ncy.connectToGrblHAL();\ncy.wait(6000);\ncy.log('Connected to CNC');\n// Verify CNC machine status is Idle\ncy.contains(/^Idle$/i, {\n  timeout: 30000\n}).should('be.visible').then(status => {\n  cy.log(`Machine status: \"${status.text().trim()}\"`);\n});\n// ========== STEP 6: Final disconnect ==========\ncy.log('STEP 6: Final disconnect from CNC...');\ncy.disconnectIfIdle();\ncy.log('Disconnect clicked — verifying status...');\n// Verify the machine is disconnected\ncy.contains(/(Connect to CNC|Disconnected)/i, {\n  timeout: 10000\n}).should('be.visible').then(() => cy.log('Test completed successfully!'));",
              "err": {},
              "uuid": "6689aba2-7feb-41cc-8dc9-cc466a072fd7",
              "parentUUID": "971ffc0b-05c7-4e9f-8d22-010f16e2022f",
              "isHook": false,
              "skipped": false
            }
          ],
          "suites": [],
          "passes": [
            "6689aba2-7feb-41cc-8dc9-cc466a072fd7"
          ],
          "failures": [],
          "pending": [],
          "skipped": [],
          "duration": 59536,
          "root": false,
          "rootEmpty": false,
          "_timeout": 2000
        }
      ],
      "passes": [],
      "failures": [],
      "pending": [],
      "skipped": [],
      "duration": 0,
      "root": true,
      "rootEmpty": true,
      "_timeout": 2000
    }
  ],
  "meta": {
    "mocha": {
      "version": "7.0.1"
    },
    "mochawesome": {
      "options": {
        "quiet": false,
        "reportFilename": "mochawesome",
        "saveHtml": false,
        "saveJson": true,
        "consoleReporter": "spec",
        "useInlineDiffs": false,
        "code": true
      },
      "version": "7.1.4"
    },
    "marge": {
      "options": {
        "id": "default",
        "reportDir": "cypress/reports/mochawesome/.jsons",
        "overwrite": false,
        "html": false,
        "json": true
      },
      "version": "6.3.2"
    }
  }
}